175861
357699
8389
287589
69893
266867
199967
150987
309194
13440
105713
177914
284343
293590
199661
292432
220340
293452
258184
22335
352225
341246
249452
17798
152101
389703
49816
188468
325783
330782
200211
229326
283845
279610
66766
291522
56772
272770
98900
342958
221926
33286
269575
388820
170432
327802
167887
58283
264636
391033
174173
117489
279476
220373
393738
247597
210669
54884
104813
56782
236973
258468
313221
62962
69299
248252
229614
217202
291157
174413
107727
295979
351899
9276
28559
173581
89304
197240
81657
206739
291184
97885
311749
209203
62689
332783
218720
134916
294026
184510
