179597
151359
306981
38797
39483
232198
201978
372119
186578
291465
141025
20940
31018
32165
72285
141603
224276
290230
119572
815
267159
157285
99068
34498
383821
243826
122537
19263
272751
391860
238280
352726
279161
103354
8034
38814
49602
314395
297543
20609
334862
267061
21357
290419
72860
211770
20769
201014
227898
90364
70342
188268
125775
38214
140362
256250
156776
373743
82958
129328
205930
275992
3682
280902
284884
313481
63201
56231
22822
357531
200642
230665
92761
239855
15128
195345
81355
242939
322940
59114
